2024-04-07 15:35:21,793 INFO: Your application startup [in /home/djden/Development/RubyTech/TEST_1/task_3/app/website/__init__.py:73]
2024-04-07 15:38:30,858 INFO: Your application startup [in /home/djden/Development/RubyTech/TEST_1/task_3/app/website/__init__.py:73]
2024-04-07 15:38:31,259 INFO: Your application startup [in /home/djden/Development/RubyTech/TEST_1/task_3/app/website/__init__.py:73]
2024-04-07 15:41:13,539 INFO: Your application startup [in /home/djden/Development/RubyTech/TEST_1/task_3/app/website/__init__.py:73]
2024-04-07 15:46:50,438 INFO: Logging enabled. [in /home/djden/Development/RubyTech/TEST_1/task_3/app/website/__init__.py:72]
2024-04-07 15:48:37,558 INFO: Logging enabled. [in /home/djden/Development/RubyTech/TEST_1/task_3/app/website/__init__.py:73]
2024-04-07 15:48:37,603 INFO: Created database. [in /home/djden/Development/RubyTech/TEST_1/task_3/app/website/__init__.py:57]
2024-04-07 15:50:36,599 INFO: Logging enabled. [in /home/djden/Development/RubyTech/TEST_1/task_3/app/website/__init__.py:73]
2024-04-07 15:50:36,638 INFO: Created database. [in /home/djden/Development/RubyTech/TEST_1/task_3/app/website/__init__.py:57]
2024-04-07 15:50:50,175 INFO: Logging enabled. [in /home/djden/Development/RubyTech/TEST_1/task_3/app/website/__init__.py:73]
2024-04-07 15:50:50,213 INFO: Created database. [in /home/djden/Development/RubyTech/TEST_1/task_3/app/website/__init__.py:57]
2024-04-07 15:51:54,961 INFO: Logging enabled. [in /home/djden/Development/RubyTech/TEST_1/task_3/app/website/__init__.py:73]
2024-04-07 15:51:54,997 INFO: Created database. [in /home/djden/Development/RubyTech/TEST_1/task_3/app/website/__init__.py:57]
2024-04-07 15:52:25,039 INFO: API request: /logs [in /home/djden/Development/RubyTech/TEST_1/task_3/app/website/api.py:222]
2024-04-07 15:52:29,648 INFO: API request: /logs [in /home/djden/Development/RubyTech/TEST_1/task_3/app/website/api.py:222]
2024-04-07 15:52:53,818 INFO: Logging enabled. [in /home/djden/Development/RubyTech/TEST_1/task_3/app/website/__init__.py:72]
2024-04-07 15:53:56,730 INFO: Logging enabled. [in /home/djden/Development/RubyTech/TEST_1/task_3/app/website/__init__.py:72]
2024-04-07 15:54:13,411 INFO: Logging enabled. [in /home/djden/Development/RubyTech/TEST_1/task_3/app/website/__init__.py:73]
2024-04-07 15:54:13,451 INFO: Created database. [in /home/djden/Development/RubyTech/TEST_1/task_3/app/website/__init__.py:57]
2024-04-07 15:54:35,009 INFO: API request: /logs [in /home/djden/Development/RubyTech/TEST_1/task_3/app/website/api.py:222]
2024-04-07 15:54:59,376 INFO: API request: /logs [in /home/djden/Development/RubyTech/TEST_1/task_3/app/website/api.py:222]
2024-04-07 15:57:06,646 INFO: Logging enabled. [in /home/djden/Development/RubyTech/TEST_1/task_3/app/website/__init__.py:73]
2024-04-07 15:57:06,683 INFO: Created database. [in /home/djden/Development/RubyTech/TEST_1/task_3/app/website/__init__.py:57]
2024-04-07 15:59:06,793 INFO: Logging enabled. [in /home/djden/Development/RubyTech/TEST_1/task_3/app/website/__init__.py:73]
2024-04-07 15:59:06,830 INFO: Created database. [in /home/djden/Development/RubyTech/TEST_1/task_3/app/website/__init__.py:57]
2024-04-07 15:59:07,495 INFO: API request: /logs [in /home/djden/Development/RubyTech/TEST_1/task_3/app/website/api.py:226]
2024-04-07 16:06:02,007 INFO: Logging enabled. [in /home/djden/Development/RubyTech/TEST_1/task_3/app/website/__init__.py:73]
2024-04-07 16:06:02,046 INFO: Created database. [in /home/djden/Development/RubyTech/TEST_1/task_3/app/website/__init__.py:57]
2024-04-07 16:18:50,437 INFO: Logging enabled. [in /home/djden/Development/RubyTech/TEST_1/task_3/app/website/__init__.py:73]
2024-04-07 16:18:50,478 INFO: Created database. [in /home/djden/Development/RubyTech/TEST_1/task_3/app/website/__init__.py:57]
2024-04-07 16:18:50,864 INFO: Logging enabled. [in /home/djden/Development/RubyTech/TEST_1/task_3/app/website/__init__.py:73]
2024-04-07 16:18:50,905 INFO: Created database. [in /home/djden/Development/RubyTech/TEST_1/task_3/app/website/__init__.py:57]
2024-04-07 17:30:14,169 INFO: Logging enabled. [in /home/djden/Development/RubyTech/TEST_1/task_3/app/website/__init__.py:73]
2024-04-07 17:30:14,288 INFO: Created database. [in /home/djden/Development/RubyTech/TEST_1/task_3/app/website/__init__.py:57]
2024-04-07 17:41:59,708 INFO: Logging enabled. [in /home/djden/Development/RubyTech/TEST_1/task_3/app/website/__init__.py:73]
2024-04-07 17:41:59,776 INFO: Created database. [in /home/djden/Development/RubyTech/TEST_1/task_3/app/website/__init__.py:57]
2024-04-07 17:44:43,841 INFO: Logging enabled. [in /home/djden/Development/RubyTech/TEST_1/task_3/app/website/__init__.py:73]
2024-04-07 17:44:43,872 INFO: Created database. [in /home/djden/Development/RubyTech/TEST_1/task_3/app/website/__init__.py:57]
2024-04-07 17:45:26,443 INFO: API request: /logs [in /home/djden/Development/RubyTech/TEST_1/task_3/app/website/api.py:226]
2024-04-07 18:04:46,806 INFO: Logging enabled. [in /home/djden/Development/RubyTech/TEST_1/task_3/app/website/__init__.py:73]
2024-04-07 18:04:46,837 INFO: Created database. [in /home/djden/Development/RubyTech/TEST_1/task_3/app/website/__init__.py:57]
2024-04-07 18:05:14,086 INFO: API request: /add_resource [in /home/djden/Development/RubyTech/TEST_1/task_3/app/website/api.py:19]
2024-04-07 18:05:35,564 INFO: Logging enabled. [in /home/djden/Development/RubyTech/TEST_1/task_3/app/website/__init__.py:73]
2024-04-07 18:05:35,606 INFO: Created database. [in /home/djden/Development/RubyTech/TEST_1/task_3/app/website/__init__.py:57]
2024-04-07 18:05:36,490 INFO: API request: /add_resource [in /home/djden/Development/RubyTech/TEST_1/task_3/app/website/api.py:19]
2024-04-07 18:05:50,050 INFO: API request: /add_resource [in /home/djden/Development/RubyTech/TEST_1/task_3/app/website/api.py:19]
2024-04-07 18:06:43,158 INFO: Logging enabled. [in /home/djden/Development/RubyTech/TEST_1/task_3/app/website/__init__.py:73]
2024-04-07 18:06:43,190 INFO: Created database. [in /home/djden/Development/RubyTech/TEST_1/task_3/app/website/__init__.py:57]
2024-04-07 18:06:43,513 INFO: Logging enabled. [in /home/djden/Development/RubyTech/TEST_1/task_3/app/website/__init__.py:73]
2024-04-07 18:06:43,548 INFO: Created database. [in /home/djden/Development/RubyTech/TEST_1/task_3/app/website/__init__.py:57]
2024-04-07 18:06:47,151 INFO: API request: /add_resource [in /home/djden/Development/RubyTech/TEST_1/task_3/app/website/api.py:19]
2024-04-07 18:07:11,521 INFO: API request: /logs [in /home/djden/Development/RubyTech/TEST_1/task_3/app/website/api.py:226]
2024-04-07 18:11:07,334 INFO: API request: /add_resource [in /home/djden/Development/RubyTech/TEST_1/task_3/app/website/api.py:19]
2024-04-07 18:14:47,387 INFO: API request: /add_resource [in /home/djden/Development/RubyTech/TEST_1/task_3/app/website/api.py:19]
2024-04-07 18:24:29,980 INFO: Logging enabled. [in /home/djden/Development/RubyTech/TEST_1/task_3/app/website/__init__.py:73]
2024-04-07 18:24:30,022 INFO: Created database. [in /home/djden/Development/RubyTech/TEST_1/task_3/app/website/__init__.py:57]
2024-04-07 18:32:36,216 INFO: Logging enabled. [in /home/djden/Development/RubyTech/TEST_1/task_3/app/website/__init__.py:73]
2024-04-07 18:32:36,253 INFO: Created database. [in /home/djden/Development/RubyTech/TEST_1/task_3/app/website/__init__.py:57]
2024-04-07 18:34:00,953 INFO: Logging enabled. [in /home/djden/Development/RubyTech/TEST_1/task_3/app/website/__init__.py:73]
2024-04-07 18:34:00,992 INFO: Created database. [in /home/djden/Development/RubyTech/TEST_1/task_3/app/website/__init__.py:57]
2024-04-07 18:34:25,455 INFO: Logging enabled. [in /home/djden/Development/RubyTech/TEST_1/task_3/app/website/__init__.py:73]
2024-04-07 18:34:25,488 INFO: Created database. [in /home/djden/Development/RubyTech/TEST_1/task_3/app/website/__init__.py:57]
2024-04-07 18:35:00,037 INFO: Logging enabled. [in /home/djden/Development/RubyTech/TEST_1/task_3/app/website/__init__.py:73]
2024-04-07 18:35:00,072 INFO: Created database. [in /home/djden/Development/RubyTech/TEST_1/task_3/app/website/__init__.py:57]
2024-04-07 18:35:16,524 INFO: Logging enabled. [in /home/djden/Development/RubyTech/TEST_1/task_3/app/website/__init__.py:73]
2024-04-07 18:35:16,555 INFO: Created database. [in /home/djden/Development/RubyTech/TEST_1/task_3/app/website/__init__.py:57]
2024-04-07 18:35:51,123 INFO: Logging enabled. [in /home/djden/Development/RubyTech/TEST_1/task_3/app/website/__init__.py:73]
2024-04-07 18:35:51,157 INFO: Created database. [in /home/djden/Development/RubyTech/TEST_1/task_3/app/website/__init__.py:57]
2024-04-07 18:36:07,711 INFO: Logging enabled. [in /home/djden/Development/RubyTech/TEST_1/task_3/app/website/__init__.py:73]
2024-04-07 18:36:07,747 INFO: Created database. [in /home/djden/Development/RubyTech/TEST_1/task_3/app/website/__init__.py:57]
2024-04-07 18:37:45,672 INFO: Logging enabled. [in /home/djden/Development/RubyTech/TEST_1/task_3/app/website/__init__.py:73]
2024-04-07 18:37:45,715 INFO: Created database. [in /home/djden/Development/RubyTech/TEST_1/task_3/app/website/__init__.py:57]
2024-04-07 18:38:09,342 INFO: Logging enabled. [in /home/djden/Development/RubyTech/TEST_1/task_3/app/website/__init__.py:73]
2024-04-07 18:38:09,388 INFO: Created database. [in /home/djden/Development/RubyTech/TEST_1/task_3/app/website/__init__.py:57]
2024-04-07 18:38:30,061 INFO: Logging enabled. [in /home/djden/Development/RubyTech/TEST_1/task_3/app/website/__init__.py:73]
2024-04-07 18:38:30,113 INFO: Created database. [in /home/djden/Development/RubyTech/TEST_1/task_3/app/website/__init__.py:57]
2024-04-07 18:39:16,809 INFO: Logging enabled. [in /home/djden/Development/RubyTech/TEST_1/task_3/app/website/__init__.py:73]
2024-04-07 18:39:16,853 INFO: Created database. [in /home/djden/Development/RubyTech/TEST_1/task_3/app/website/__init__.py:57]
2024-04-07 18:39:44,390 INFO: API request: /add_resource [in /home/djden/Development/RubyTech/TEST_1/task_3/app/website/api.py:22]
2024-04-07 18:42:07,185 INFO: Logging enabled. [in /home/djden/Development/RubyTech/TEST_1/task_3/app/website/__init__.py:73]
2024-04-07 18:42:07,226 INFO: Created database. [in /home/djden/Development/RubyTech/TEST_1/task_3/app/website/__init__.py:57]
2024-04-07 18:42:09,708 INFO: API request: /add_resource [in /home/djden/Development/RubyTech/TEST_1/task_3/app/website/api.py:22]
2024-04-07 18:42:22,187 INFO: API request: /logs [in /home/djden/Development/RubyTech/TEST_1/task_3/app/website/api.py:231]
2024-04-07 18:43:00,987 INFO: Logging enabled. [in /home/djden/Development/RubyTech/TEST_1/task_3/app/website/__init__.py:73]
2024-04-07 18:43:01,031 INFO: Created database. [in /home/djden/Development/RubyTech/TEST_1/task_3/app/website/__init__.py:57]
2024-04-07 18:43:02,540 INFO: API request: /add_resource [in /home/djden/Development/RubyTech/TEST_1/task_3/app/website/api.py:22]
2024-04-07 18:43:04,941 INFO: API request: /add_resource [in /home/djden/Development/RubyTech/TEST_1/task_3/app/website/api.py:22]
2024-04-07 18:43:09,007 INFO: API request: /add_resource [in /home/djden/Development/RubyTech/TEST_1/task_3/app/website/api.py:22]
2024-04-07 18:45:59,966 INFO: API request: /add_resource [in /home/djden/Development/RubyTech/TEST_1/task_3/app/website/api.py:22]
2024-04-07 18:46:22,310 INFO: API request: /add_resource [in /home/djden/Development/RubyTech/TEST_1/task_3/app/website/api.py:22]
2024-04-07 18:46:22,310 INFO: /add_resourse data: {'url': ''} [in /home/djden/Development/RubyTech/TEST_1/task_3/app/website/api.py:24]
2024-04-07 18:46:22,312 INFO: API request: /add_resource [in /home/djden/Development/RubyTech/TEST_1/task_3/app/website/api.py:22]
2024-04-07 18:46:22,313 INFO: /add_resourse data: {'url': ''} [in /home/djden/Development/RubyTech/TEST_1/task_3/app/website/api.py:24]
2024-04-07 18:46:23,851 INFO: API request: /add_resource [in /home/djden/Development/RubyTech/TEST_1/task_3/app/website/api.py:22]
2024-04-07 18:46:23,851 INFO: API request: /add_resource [in /home/djden/Development/RubyTech/TEST_1/task_3/app/website/api.py:22]
2024-04-07 18:46:23,852 INFO: /add_resourse data: {'url': ''} [in /home/djden/Development/RubyTech/TEST_1/task_3/app/website/api.py:24]
2024-04-07 18:46:23,852 INFO: /add_resourse data: {'url': ''} [in /home/djden/Development/RubyTech/TEST_1/task_3/app/website/api.py:24]
2024-04-07 18:46:24,314 INFO: API request: /add_resource [in /home/djden/Development/RubyTech/TEST_1/task_3/app/website/api.py:22]
2024-04-07 18:46:24,315 INFO: API request: /add_resource [in /home/djden/Development/RubyTech/TEST_1/task_3/app/website/api.py:22]
2024-04-07 18:46:24,315 INFO: /add_resourse data: {'url': ''} [in /home/djden/Development/RubyTech/TEST_1/task_3/app/website/api.py:24]
2024-04-07 18:46:24,315 INFO: /add_resourse data: {'url': ''} [in /home/djden/Development/RubyTech/TEST_1/task_3/app/website/api.py:24]
2024-04-07 18:46:24,462 INFO: API request: /add_resource [in /home/djden/Development/RubyTech/TEST_1/task_3/app/website/api.py:22]
2024-04-07 18:46:24,463 INFO: API request: /add_resource [in /home/djden/Development/RubyTech/TEST_1/task_3/app/website/api.py:22]
2024-04-07 18:46:24,463 INFO: /add_resourse data: {'url': ''} [in /home/djden/Development/RubyTech/TEST_1/task_3/app/website/api.py:24]
2024-04-07 18:46:24,463 INFO: /add_resourse data: {'url': ''} [in /home/djden/Development/RubyTech/TEST_1/task_3/app/website/api.py:24]
2024-04-07 18:46:24,588 INFO: API request: /add_resource [in /home/djden/Development/RubyTech/TEST_1/task_3/app/website/api.py:22]
2024-04-07 18:46:24,589 INFO: /add_resourse data: {'url': ''} [in /home/djden/Development/RubyTech/TEST_1/task_3/app/website/api.py:24]
2024-04-07 18:46:24,592 INFO: API request: /add_resource [in /home/djden/Development/RubyTech/TEST_1/task_3/app/website/api.py:22]
2024-04-07 18:46:24,592 INFO: /add_resourse data: {'url': ''} [in /home/djden/Development/RubyTech/TEST_1/task_3/app/website/api.py:24]
2024-04-07 18:46:24,715 INFO: API request: /add_resource [in /home/djden/Development/RubyTech/TEST_1/task_3/app/website/api.py:22]
2024-04-07 18:46:24,715 INFO: API request: /add_resource [in /home/djden/Development/RubyTech/TEST_1/task_3/app/website/api.py:22]
2024-04-07 18:46:24,715 INFO: /add_resourse data: {'url': ''} [in /home/djden/Development/RubyTech/TEST_1/task_3/app/website/api.py:24]
2024-04-07 18:46:24,715 INFO: /add_resourse data: {'url': ''} [in /home/djden/Development/RubyTech/TEST_1/task_3/app/website/api.py:24]
2024-04-07 18:47:06,203 INFO: API request: /add_resource [in /home/djden/Development/RubyTech/TEST_1/task_3/app/website/api.py:22]
2024-04-07 18:47:06,205 INFO: API request: /add_resource [in /home/djden/Development/RubyTech/TEST_1/task_3/app/website/api.py:22]
2024-04-07 18:47:06,206 INFO: /add_resourse data: {'url': 'https://www.google.com/'} [in /home/djden/Development/RubyTech/TEST_1/task_3/app/website/api.py:24]
2024-04-07 18:47:06,206 INFO: /add_resourse data: {'url': 'https://www.google.com/'} [in /home/djden/Development/RubyTech/TEST_1/task_3/app/website/api.py:24]
2024-04-07 18:47:06,212 INFO: New record to the DB [in /home/djden/Development/RubyTech/TEST_1/task_3/app/website/api.py:49]
2024-04-07 18:47:06,216 INFO: New record to the DB [in /home/djden/Development/RubyTech/TEST_1/task_3/app/website/api.py:49]
2024-04-07 18:47:07,730 INFO: API request: /add_resource [in /home/djden/Development/RubyTech/TEST_1/task_3/app/website/api.py:22]
2024-04-07 18:47:07,732 INFO: /add_resourse data: {'url': 'https://www.google.com/'} [in /home/djden/Development/RubyTech/TEST_1/task_3/app/website/api.py:24]
2024-04-07 18:47:07,733 INFO: API request: /add_resource [in /home/djden/Development/RubyTech/TEST_1/task_3/app/website/api.py:22]
2024-04-07 18:47:07,733 INFO: /add_resourse data: {'url': 'https://www.google.com/'} [in /home/djden/Development/RubyTech/TEST_1/task_3/app/website/api.py:24]
2024-04-07 18:47:07,736 INFO: New record to the DB [in /home/djden/Development/RubyTech/TEST_1/task_3/app/website/api.py:49]
2024-04-07 18:47:07,740 INFO: New record to the DB [in /home/djden/Development/RubyTech/TEST_1/task_3/app/website/api.py:49]
2024-04-07 18:47:08,873 INFO: API request: /add_resource [in /home/djden/Development/RubyTech/TEST_1/task_3/app/website/api.py:22]
2024-04-07 18:47:08,873 INFO: /add_resourse data: {'url': 'https://www.google.com/'} [in /home/djden/Development/RubyTech/TEST_1/task_3/app/website/api.py:24]
2024-04-07 18:47:08,874 INFO: API request: /add_resource [in /home/djden/Development/RubyTech/TEST_1/task_3/app/website/api.py:22]
2024-04-07 18:47:08,874 INFO: /add_resourse data: {'url': 'https://www.google.com/'} [in /home/djden/Development/RubyTech/TEST_1/task_3/app/website/api.py:24]
2024-04-07 18:47:08,876 INFO: New record to the DB [in /home/djden/Development/RubyTech/TEST_1/task_3/app/website/api.py:49]
2024-04-07 18:47:08,878 INFO: New record to the DB [in /home/djden/Development/RubyTech/TEST_1/task_3/app/website/api.py:49]
2024-04-07 18:47:10,522 INFO: API request: /add_resource [in /home/djden/Development/RubyTech/TEST_1/task_3/app/website/api.py:22]
2024-04-07 18:47:10,524 INFO: /add_resourse data: {'url': 'https://www.google.com/'} [in /home/djden/Development/RubyTech/TEST_1/task_3/app/website/api.py:24]
2024-04-07 18:47:10,525 INFO: API request: /add_resource [in /home/djden/Development/RubyTech/TEST_1/task_3/app/website/api.py:22]
2024-04-07 18:47:10,526 INFO: /add_resourse data: {'url': 'https://www.google.com/'} [in /home/djden/Development/RubyTech/TEST_1/task_3/app/website/api.py:24]
2024-04-07 18:47:10,538 INFO: New record to the DB [in /home/djden/Development/RubyTech/TEST_1/task_3/app/website/api.py:49]
2024-04-07 18:47:10,547 INFO: New record to the DB [in /home/djden/Development/RubyTech/TEST_1/task_3/app/website/api.py:49]
2024-04-07 18:47:24,867 INFO: API request: /add_resource [in /home/djden/Development/RubyTech/TEST_1/task_3/app/website/api.py:22]
2024-04-07 18:47:24,867 INFO: API request: /add_resource [in /home/djden/Development/RubyTech/TEST_1/task_3/app/website/api.py:22]
2024-04-07 18:47:24,867 INFO: /add_resourse data: {'url': 'https://www.google.com/'} [in /home/djden/Development/RubyTech/TEST_1/task_3/app/website/api.py:24]
2024-04-07 18:47:24,867 INFO: /add_resourse data: {'url': 'https://www.google.com/'} [in /home/djden/Development/RubyTech/TEST_1/task_3/app/website/api.py:24]
2024-04-07 18:47:24,873 INFO: New record to the DB [in /home/djden/Development/RubyTech/TEST_1/task_3/app/website/api.py:49]
2024-04-07 18:47:24,879 INFO: New record to the DB [in /home/djden/Development/RubyTech/TEST_1/task_3/app/website/api.py:49]
2024-04-07 18:53:45,823 INFO: API request: /logs [in /home/djden/Development/RubyTech/TEST_1/task_3/app/website/api.py:230]
2024-04-07 18:56:53,275 INFO: API request: /add_resource [in /home/djden/Development/RubyTech/TEST_1/task_3/app/website/api.py:22]
2024-04-07 18:56:53,276 INFO: API request: /add_resource [in /home/djden/Development/RubyTech/TEST_1/task_3/app/website/api.py:22]
2024-04-07 18:56:53,276 INFO: /add_resourse data: {'url': 'https://www.google.com/'} [in /home/djden/Development/RubyTech/TEST_1/task_3/app/website/api.py:24]
2024-04-07 18:56:53,276 INFO: /add_resourse data: {'url': 'https://www.google.com/'} [in /home/djden/Development/RubyTech/TEST_1/task_3/app/website/api.py:24]
2024-04-07 18:56:53,283 INFO: New record to the DB [in /home/djden/Development/RubyTech/TEST_1/task_3/app/website/api.py:49]
2024-04-07 18:56:53,287 INFO: New record to the DB [in /home/djden/Development/RubyTech/TEST_1/task_3/app/website/api.py:49]
2024-04-07 18:57:29,198 INFO: API request: /bulk_add_resources [in /home/djden/Development/RubyTech/TEST_1/task_3/app/website/api.py:105]
2024-04-07 18:57:29,201 INFO: API request: /bulk_add_resources [in /home/djden/Development/RubyTech/TEST_1/task_3/app/website/api.py:105]
2024-04-07 19:12:36,361 INFO: Logging enabled. [in /home/djden/Development/RubyTech/TEST_1/task_3/app/website/__init__.py:73]
2024-04-07 19:12:36,395 INFO: Created database. [in /home/djden/Development/RubyTech/TEST_1/task_3/app/website/__init__.py:57]
2024-04-07 19:12:49,876 INFO: Logging enabled. [in /home/djden/Development/RubyTech/TEST_1/task_3/app/website/__init__.py:73]
2024-04-07 19:12:49,911 INFO: Created database. [in /home/djden/Development/RubyTech/TEST_1/task_3/app/website/__init__.py:57]
2024-04-07 19:17:47,200 INFO: API request: /add_resource [in /home/djden/Development/RubyTech/TEST_1/task_3/app/website/api.py:22]
2024-04-07 19:17:47,201 INFO: /add_resourse data: {'url': 'https://www.google.com/'} [in /home/djden/Development/RubyTech/TEST_1/task_3/app/website/api.py:24]
2024-04-07 19:17:47,204 INFO: API request: /add_resource [in /home/djden/Development/RubyTech/TEST_1/task_3/app/website/api.py:22]
2024-04-07 19:17:47,204 INFO: /add_resourse data: {'url': 'https://www.google.com/'} [in /home/djden/Development/RubyTech/TEST_1/task_3/app/website/api.py:24]
2024-04-07 19:17:47,207 INFO: New record to the DB [in /home/djden/Development/RubyTech/TEST_1/task_3/app/website/api.py:49]
2024-04-07 19:17:47,212 INFO: New record to the DB [in /home/djden/Development/RubyTech/TEST_1/task_3/app/website/api.py:49]
2024-04-07 19:23:49,687 INFO: API request: /logs [in /home/djden/Development/RubyTech/TEST_1/task_3/app/website/api.py:234]
2024-04-07 19:24:49,934 INFO: Logging enabled. [in /home/djden/Development/RubyTech/TEST_1/task_3/app/website/__init__.py:73]
2024-04-07 19:24:49,994 INFO: Created database. [in /home/djden/Development/RubyTech/TEST_1/task_3/app/website/__init__.py:57]
2024-04-07 19:27:08,964 INFO: API request: /resources [in /home/djden/Development/RubyTech/TEST_1/task_3/app/website/api.py:212]
2024-04-07 19:28:10,572 INFO: API request: /resources [in /home/djden/Development/RubyTech/TEST_1/task_3/app/website/api.py:212]
2024-04-07 19:28:11,530 INFO: API request: /resources [in /home/djden/Development/RubyTech/TEST_1/task_3/app/website/api.py:212]
2024-04-07 19:28:12,629 INFO: API request: /resources [in /home/djden/Development/RubyTech/TEST_1/task_3/app/website/api.py:212]
2024-04-07 19:28:51,566 INFO: API request: /add_resource [in /home/djden/Development/RubyTech/TEST_1/task_3/app/website/api.py:22]
2024-04-07 19:28:51,566 INFO: /add_resourse data: {'url': 'https://www.ya.ru'} [in /home/djden/Development/RubyTech/TEST_1/task_3/app/website/api.py:24]
2024-04-07 19:28:51,575 INFO: API request: /add_resource [in /home/djden/Development/RubyTech/TEST_1/task_3/app/website/api.py:22]
2024-04-07 19:28:51,576 INFO: /add_resourse data: {'url': 'https://www.ya.ru'} [in /home/djden/Development/RubyTech/TEST_1/task_3/app/website/api.py:24]
2024-04-07 19:28:51,579 INFO: New record to the DB [in /home/djden/Development/RubyTech/TEST_1/task_3/app/website/api.py:49]
2024-04-07 19:28:51,583 INFO: New record to the DB [in /home/djden/Development/RubyTech/TEST_1/task_3/app/website/api.py:49]
2024-04-07 19:28:53,144 INFO: API request: /resources [in /home/djden/Development/RubyTech/TEST_1/task_3/app/website/api.py:212]
2024-04-07 19:35:28,303 INFO: Logging enabled. [in /home/djden/Development/RubyTech/TEST_1/task_3/app/website/__init__.py:73]
2024-04-07 19:35:28,350 INFO: Created database. [in /home/djden/Development/RubyTech/TEST_1/task_3/app/website/__init__.py:57]
2024-04-07 19:36:10,409 INFO: API request: /add_resource [in /home/djden/Development/RubyTech/TEST_1/task_3/app/website/api.py:22]
2024-04-07 19:36:10,410 INFO: /add_resourse data: {'url': 'https://www.google.com/'} [in /home/djden/Development/RubyTech/TEST_1/task_3/app/website/api.py:24]
2024-04-07 19:36:10,410 INFO: API request: /add_resource [in /home/djden/Development/RubyTech/TEST_1/task_3/app/website/api.py:22]
2024-04-07 19:36:10,417 INFO: /add_resourse data: {'url': 'https://www.google.com/'} [in /home/djden/Development/RubyTech/TEST_1/task_3/app/website/api.py:24]
2024-04-07 19:36:10,422 INFO: New record to the DB [in /home/djden/Development/RubyTech/TEST_1/task_3/app/website/api.py:49]
2024-04-07 19:36:10,427 INFO: New record to the DB [in /home/djden/Development/RubyTech/TEST_1/task_3/app/website/api.py:49]
2024-04-07 19:37:03,736 INFO: Logging enabled. [in /home/djden/Development/RubyTech/TEST_1/task_3/app/website/__init__.py:73]
2024-04-07 19:37:03,806 INFO: Created database. [in /home/djden/Development/RubyTech/TEST_1/task_3/app/website/__init__.py:57]
2024-04-07 19:37:20,468 INFO: Logging enabled. [in /home/djden/Development/RubyTech/TEST_1/task_3/app/website/__init__.py:73]
2024-04-07 19:37:20,507 INFO: Created database. [in /home/djden/Development/RubyTech/TEST_1/task_3/app/website/__init__.py:57]
2024-04-07 19:37:20,856 INFO: Logging enabled. [in /home/djden/Development/RubyTech/TEST_1/task_3/app/website/__init__.py:73]
2024-04-07 19:37:20,894 INFO: Created database. [in /home/djden/Development/RubyTech/TEST_1/task_3/app/website/__init__.py:57]
2024-04-07 19:37:28,652 INFO: API request: /resources [in /home/djden/Development/RubyTech/TEST_1/task_3/app/website/api.py:217]
2024-04-07 19:37:30,852 INFO: API request: /resources [in /home/djden/Development/RubyTech/TEST_1/task_3/app/website/api.py:217]
2024-04-07 19:37:32,470 INFO: API request: /resources [in /home/djden/Development/RubyTech/TEST_1/task_3/app/website/api.py:217]
2024-04-07 19:43:45,082 INFO: API request: /resources [in /home/djden/Development/RubyTech/TEST_1/task_3/app/website/api.py:217]
2024-04-07 19:44:00,798 INFO: API request: /resources [in /home/djden/Development/RubyTech/TEST_1/task_3/app/website/api.py:217]
2024-04-07 19:44:02,615 INFO: API request: /resources [in /home/djden/Development/RubyTech/TEST_1/task_3/app/website/api.py:217]
2024-04-07 19:54:21,649 INFO: API request: /resources [in /home/djden/Development/RubyTech/TEST_1/task_3/app/website/api.py:217]
2024-04-07 19:54:23,692 INFO: API request: /resources [in /home/djden/Development/RubyTech/TEST_1/task_3/app/website/api.py:217]
2024-04-07 19:54:25,229 INFO: API request: /resources [in /home/djden/Development/RubyTech/TEST_1/task_3/app/website/api.py:217]
2024-04-07 19:54:27,042 INFO: API request: /resources [in /home/djden/Development/RubyTech/TEST_1/task_3/app/website/api.py:217]
2024-04-07 19:54:29,084 INFO: API request: /resources [in /home/djden/Development/RubyTech/TEST_1/task_3/app/website/api.py:217]
2024-04-07 19:54:30,624 INFO: API request: /resources [in /home/djden/Development/RubyTech/TEST_1/task_3/app/website/api.py:217]
2024-04-07 19:54:32,669 INFO: API request: /resources [in /home/djden/Development/RubyTech/TEST_1/task_3/app/website/api.py:217]
2024-04-07 19:54:34,405 INFO: API request: /resources [in /home/djden/Development/RubyTech/TEST_1/task_3/app/website/api.py:217]
2024-04-07 19:54:40,941 INFO: API request: /resources [in /home/djden/Development/RubyTech/TEST_1/task_3/app/website/api.py:217]
2024-04-07 19:54:42,428 INFO: API request: /resources [in /home/djden/Development/RubyTech/TEST_1/task_3/app/website/api.py:217]
2024-04-07 19:54:44,332 INFO: API request: /resources [in /home/djden/Development/RubyTech/TEST_1/task_3/app/website/api.py:217]
2024-04-07 19:54:46,988 INFO: API request: /resources [in /home/djden/Development/RubyTech/TEST_1/task_3/app/website/api.py:217]
2024-04-07 19:54:48,563 INFO: API request: /resources [in /home/djden/Development/RubyTech/TEST_1/task_3/app/website/api.py:217]
2024-04-07 19:54:50,167 INFO: API request: /resources [in /home/djden/Development/RubyTech/TEST_1/task_3/app/website/api.py:217]
2024-04-07 19:54:56,519 INFO: API request: /resources [in /home/djden/Development/RubyTech/TEST_1/task_3/app/website/api.py:217]
2024-04-07 19:54:58,690 INFO: API request: /resources [in /home/djden/Development/RubyTech/TEST_1/task_3/app/website/api.py:217]
2024-04-07 19:54:59,998 INFO: API request: /resources [in /home/djden/Development/RubyTech/TEST_1/task_3/app/website/api.py:217]
2024-04-07 19:55:01,125 INFO: API request: /resources [in /home/djden/Development/RubyTech/TEST_1/task_3/app/website/api.py:217]
2024-04-07 19:55:02,331 INFO: API request: /resources [in /home/djden/Development/RubyTech/TEST_1/task_3/app/website/api.py:217]
2024-04-07 19:55:04,309 INFO: API request: /resources [in /home/djden/Development/RubyTech/TEST_1/task_3/app/website/api.py:217]
2024-04-07 19:55:05,786 INFO: API request: /resources [in /home/djden/Development/RubyTech/TEST_1/task_3/app/website/api.py:217]
2024-04-07 19:55:07,264 INFO: API request: /resources [in /home/djden/Development/RubyTech/TEST_1/task_3/app/website/api.py:217]
2024-04-07 19:55:08,283 INFO: API request: /resources [in /home/djden/Development/RubyTech/TEST_1/task_3/app/website/api.py:217]
2024-04-07 19:55:31,009 INFO: API request: /bulk_add_resources [in /home/djden/Development/RubyTech/TEST_1/task_3/app/website/api.py:107]
2024-04-07 19:55:31,013 INFO: API request: /bulk_add_resources [in /home/djden/Development/RubyTech/TEST_1/task_3/app/website/api.py:107]
2024-04-07 19:55:32,833 INFO: API request: /resources [in /home/djden/Development/RubyTech/TEST_1/task_3/app/website/api.py:217]
2024-04-07 19:55:40,326 INFO: API request: /resources [in /home/djden/Development/RubyTech/TEST_1/task_3/app/website/api.py:217]
2024-04-07 19:55:46,789 INFO: API request: /add_resource [in /home/djden/Development/RubyTech/TEST_1/task_3/app/website/api.py:22]
2024-04-07 19:55:46,790 INFO: /add_resourse data: {'url': 'https://www.google.com/'} [in /home/djden/Development/RubyTech/TEST_1/task_3/app/website/api.py:24]
2024-04-07 19:55:46,793 INFO: API request: /add_resource [in /home/djden/Development/RubyTech/TEST_1/task_3/app/website/api.py:22]
2024-04-07 19:55:46,794 INFO: /add_resourse data: {'url': 'https://www.google.com/'} [in /home/djden/Development/RubyTech/TEST_1/task_3/app/website/api.py:24]
2024-04-07 19:55:46,796 INFO: New record to the DB [in /home/djden/Development/RubyTech/TEST_1/task_3/app/website/api.py:49]
2024-04-07 19:55:46,798 INFO: New record to the DB [in /home/djden/Development/RubyTech/TEST_1/task_3/app/website/api.py:49]
2024-04-07 19:55:47,889 INFO: API request: /resources [in /home/djden/Development/RubyTech/TEST_1/task_3/app/website/api.py:217]
2024-04-07 20:01:03,933 INFO: API request: /resources [in /home/djden/Development/RubyTech/TEST_1/task_3/app/website/api.py:217]
2024-04-07 20:01:06,935 INFO: API request: /resources [in /home/djden/Development/RubyTech/TEST_1/task_3/app/website/api.py:217]
2024-04-07 20:01:42,623 INFO: Logging enabled. [in /home/djden/Development/RubyTech/TEST_1/task_3/app/website/__init__.py:73]
2024-04-07 20:01:42,659 INFO: Created database. [in /home/djden/Development/RubyTech/TEST_1/task_3/app/website/__init__.py:57]
2024-04-07 20:01:45,315 INFO: API request: /resources [in /home/djden/Development/RubyTech/TEST_1/task_3/app/website/api.py:212]
2024-04-07 20:01:47,922 INFO: API request: /add_resource [in /home/djden/Development/RubyTech/TEST_1/task_3/app/website/api.py:22]
2024-04-07 20:01:47,922 INFO: /add_resourse data: {'url': 'https://www.google.com/'} [in /home/djden/Development/RubyTech/TEST_1/task_3/app/website/api.py:24]
2024-04-07 20:01:47,923 INFO: API request: /add_resource [in /home/djden/Development/RubyTech/TEST_1/task_3/app/website/api.py:22]
2024-04-07 20:01:47,925 INFO: /add_resourse data: {'url': 'https://www.google.com/'} [in /home/djden/Development/RubyTech/TEST_1/task_3/app/website/api.py:24]
2024-04-07 20:01:47,927 INFO: New record to the DB [in /home/djden/Development/RubyTech/TEST_1/task_3/app/website/api.py:49]
2024-04-07 20:01:47,931 INFO: New record to the DB [in /home/djden/Development/RubyTech/TEST_1/task_3/app/website/api.py:49]
2024-04-07 20:01:49,238 INFO: API request: /resources [in /home/djden/Development/RubyTech/TEST_1/task_3/app/website/api.py:212]
2024-04-07 20:03:11,444 INFO: API request: /resources [in /home/djden/Development/RubyTech/TEST_1/task_3/app/website/api.py:212]
2024-04-07 20:06:21,061 INFO: Logging enabled. [in /home/djden/Development/RubyTech/TEST_1/task_3/app/website/__init__.py:73]
2024-04-07 20:06:21,095 INFO: Created database. [in /home/djden/Development/RubyTech/TEST_1/task_3/app/website/__init__.py:57]
2024-04-07 20:07:07,885 INFO: Logging enabled. [in /home/djden/Development/RubyTech/TEST_1/task_3/app/website/__init__.py:73]
2024-04-07 20:07:07,950 INFO: Created database. [in /home/djden/Development/RubyTech/TEST_1/task_3/app/website/__init__.py:57]
2024-04-07 20:07:08,485 INFO: API request: /resources [in /home/djden/Development/RubyTech/TEST_1/task_3/app/website/api.py:212]
2024-04-07 20:07:10,422 INFO: API request: /resources [in /home/djden/Development/RubyTech/TEST_1/task_3/app/website/api.py:212]
2024-04-07 20:07:11,741 INFO: API request: /resources [in /home/djden/Development/RubyTech/TEST_1/task_3/app/website/api.py:212]
2024-04-07 20:07:14,086 INFO: API request: /resources [in /home/djden/Development/RubyTech/TEST_1/task_3/app/website/api.py:212]
2024-04-07 20:07:15,519 INFO: API request: /resources [in /home/djden/Development/RubyTech/TEST_1/task_3/app/website/api.py:212]
2024-04-07 20:07:28,577 INFO: API request: /add_resource [in /home/djden/Development/RubyTech/TEST_1/task_3/app/website/api.py:22]
2024-04-07 20:07:28,577 INFO: /add_resourse data: {'url': 'https://www.google.com/'} [in /home/djden/Development/RubyTech/TEST_1/task_3/app/website/api.py:24]
2024-04-07 20:07:28,581 INFO: API request: /add_resource [in /home/djden/Development/RubyTech/TEST_1/task_3/app/website/api.py:22]
2024-04-07 20:07:28,581 INFO: /add_resourse data: {'url': 'https://www.google.com/'} [in /home/djden/Development/RubyTech/TEST_1/task_3/app/website/api.py:24]
2024-04-07 20:07:28,585 INFO: New record to the DB [in /home/djden/Development/RubyTech/TEST_1/task_3/app/website/api.py:49]
2024-04-07 20:07:28,588 INFO: New record to the DB [in /home/djden/Development/RubyTech/TEST_1/task_3/app/website/api.py:49]
2024-04-07 20:07:29,432 INFO: API request: /resources [in /home/djden/Development/RubyTech/TEST_1/task_3/app/website/api.py:212]
2024-04-07 20:07:33,011 INFO: API request: /resources [in /home/djden/Development/RubyTech/TEST_1/task_3/app/website/api.py:212]
2024-04-07 20:07:35,725 INFO: API request: /resources [in /home/djden/Development/RubyTech/TEST_1/task_3/app/website/api.py:212]
2024-04-07 20:07:36,797 INFO: API request: /resources [in /home/djden/Development/RubyTech/TEST_1/task_3/app/website/api.py:212]
2024-04-07 20:07:42,690 INFO: API request: /resources [in /home/djden/Development/RubyTech/TEST_1/task_3/app/website/api.py:212]
2024-04-07 20:07:44,193 INFO: API request: /resources [in /home/djden/Development/RubyTech/TEST_1/task_3/app/website/api.py:212]
2024-04-07 20:09:50,992 INFO: Logging enabled. [in /home/djden/Development/RubyTech/TEST_1/task_3/app/website/__init__.py:73]
2024-04-07 20:09:51,032 INFO: Created database. [in /home/djden/Development/RubyTech/TEST_1/task_3/app/website/__init__.py:57]
2024-04-07 20:10:29,620 INFO: Logging enabled. [in /home/djden/Development/RubyTech/TEST_1/task_3/app/website/__init__.py:73]
2024-04-07 20:10:29,659 INFO: Created database. [in /home/djden/Development/RubyTech/TEST_1/task_3/app/website/__init__.py:57]
2024-04-07 20:11:45,380 INFO: Logging enabled. [in /home/djden/Development/RubyTech/TEST_1/task_3/app/website/__init__.py:73]
2024-04-07 20:13:55,402 INFO: Logging enabled. [in /home/djden/Development/RubyTech/TEST_1/task_3/app/website/__init__.py:73]
2024-04-07 20:13:55,498 INFO: Created database. [in /home/djden/Development/RubyTech/TEST_1/task_3/app/website/__init__.py:57]
2024-04-07 20:13:55,882 INFO: Logging enabled. [in /home/djden/Development/RubyTech/TEST_1/task_3/app/website/__init__.py:73]
2024-04-07 20:13:55,966 INFO: Created database. [in /home/djden/Development/RubyTech/TEST_1/task_3/app/website/__init__.py:57]
2024-04-07 20:14:43,749 INFO: API request: /resources [in /home/djden/Development/RubyTech/TEST_1/task_3/app/website/api.py:207]
2024-04-07 20:14:57,906 INFO: Logging enabled. [in /home/djden/Development/RubyTech/TEST_1/task_3/app/website/__init__.py:73]
2024-04-07 20:14:57,997 INFO: Created database. [in /home/djden/Development/RubyTech/TEST_1/task_3/app/website/__init__.py:57]
2024-04-07 20:15:01,286 INFO: API request: /add_resource [in /home/djden/Development/RubyTech/TEST_1/task_3/app/website/api.py:20]
2024-04-07 20:15:01,287 INFO: API request: /add_resource [in /home/djden/Development/RubyTech/TEST_1/task_3/app/website/api.py:20]
2024-04-07 20:15:01,287 INFO: /add_resourse data: {'url': 'https://www.google.com/'} [in /home/djden/Development/RubyTech/TEST_1/task_3/app/website/api.py:22]
2024-04-07 20:15:01,288 INFO: /add_resourse data: {'url': 'https://www.google.com/'} [in /home/djden/Development/RubyTech/TEST_1/task_3/app/website/api.py:22]
2024-04-07 20:15:01,295 INFO: New record to the DB [in /home/djden/Development/RubyTech/TEST_1/task_3/app/website/api.py:47]
2024-04-07 20:15:01,298 INFO: New record to the DB [in /home/djden/Development/RubyTech/TEST_1/task_3/app/website/api.py:47]
2024-04-07 20:15:02,267 INFO: API request: /resources [in /home/djden/Development/RubyTech/TEST_1/task_3/app/website/api.py:207]
2024-04-07 20:15:04,068 INFO: API request: /resources [in /home/djden/Development/RubyTech/TEST_1/task_3/app/website/api.py:207]
2024-04-07 20:15:05,902 INFO: API request: /resources [in /home/djden/Development/RubyTech/TEST_1/task_3/app/website/api.py:207]
2024-04-07 20:15:10,872 INFO: API request: /bulk_add_resources [in /home/djden/Development/RubyTech/TEST_1/task_3/app/website/api.py:102]
2024-04-07 20:15:10,872 INFO: API request: /bulk_add_resources [in /home/djden/Development/RubyTech/TEST_1/task_3/app/website/api.py:102]
2024-04-07 20:15:12,578 INFO: API request: /resources [in /home/djden/Development/RubyTech/TEST_1/task_3/app/website/api.py:207]
2024-04-07 20:16:13,607 INFO: API request: /bulk_add_resources [in /home/djden/Development/RubyTech/TEST_1/task_3/app/website/api.py:102]
2024-04-07 20:16:13,608 INFO: API request: /bulk_add_resources [in /home/djden/Development/RubyTech/TEST_1/task_3/app/website/api.py:102]
2024-04-07 20:16:39,298 INFO: API request: /resources [in /home/djden/Development/RubyTech/TEST_1/task_3/app/website/api.py:207]
2024-04-07 20:17:38,707 INFO: API request: /bulk_add_resources [in /home/djden/Development/RubyTech/TEST_1/task_3/app/website/api.py:102]
2024-04-07 20:17:38,708 INFO: API request: /bulk_add_resources [in /home/djden/Development/RubyTech/TEST_1/task_3/app/website/api.py:102]
2024-04-07 20:17:56,866 INFO: API request: /resources [in /home/djden/Development/RubyTech/TEST_1/task_3/app/website/api.py:207]
2024-04-07 20:26:36,426 INFO: Logging enabled. [in /home/djden/Development/RubyTech/TEST_1/task_3/app/website/__init__.py:73]
2024-04-07 20:26:36,507 INFO: Created database. [in /home/djden/Development/RubyTech/TEST_1/task_3/app/website/__init__.py:57]
2024-04-07 20:27:38,251 INFO: API request: /resources [in /home/djden/Development/RubyTech/TEST_1/task_3/app/website/api.py:207]
2024-04-07 20:27:39,306 INFO: API request: /logs [in /home/djden/Development/RubyTech/TEST_1/task_3/app/website/api.py:247]
2024-04-07 20:27:57,777 INFO: API request: /logs [in /home/djden/Development/RubyTech/TEST_1/task_3/app/website/api.py:247]
2024-04-07 20:28:01,531 INFO: Logging enabled. [in /home/djden/Development/RubyTech/TEST_1/task_3/app/website/__init__.py:73]
2024-04-07 20:28:01,619 INFO: Created database. [in /home/djden/Development/RubyTech/TEST_1/task_3/app/website/__init__.py:57]
2024-04-07 20:28:01,635 INFO: API request: /logs [in /home/djden/Development/RubyTech/TEST_1/task_3/app/website/api.py:247]
2024-04-07 20:28:03,052 INFO: API request: /logs [in /home/djden/Development/RubyTech/TEST_1/task_3/app/website/api.py:247]
2024-04-07 20:28:03,878 INFO: API request: /logs [in /home/djden/Development/RubyTech/TEST_1/task_3/app/website/api.py:247]
2024-04-07 20:28:26,176 INFO: Logging enabled. [in /home/djden/Development/RubyTech/TEST_1/task_3/app/website/__init__.py:73]
2024-04-07 20:28:26,240 INFO: Created database. [in /home/djden/Development/RubyTech/TEST_1/task_3/app/website/__init__.py:57]
2024-04-07 20:28:26,546 INFO: Logging enabled. [in /home/djden/Development/RubyTech/TEST_1/task_3/app/website/__init__.py:73]
2024-04-07 20:28:26,612 INFO: Created database. [in /home/djden/Development/RubyTech/TEST_1/task_3/app/website/__init__.py:57]
2024-04-07 20:28:28,202 INFO: API request: /logs [in /home/djden/Development/RubyTech/TEST_1/task_3/app/website/api.py:247]
2024-04-07 20:28:33,589 INFO: API request: /resources [in /home/djden/Development/RubyTech/TEST_1/task_3/app/website/api.py:207]
2024-04-07 20:28:34,684 INFO: API request: /logs [in /home/djden/Development/RubyTech/TEST_1/task_3/app/website/api.py:247]
2024-04-07 20:28:57,391 INFO: Logging enabled. [in /home/djden/Development/RubyTech/TEST_1/task_3/app/website/__init__.py:73]
2024-04-07 20:28:57,465 INFO: Created database. [in /home/djden/Development/RubyTech/TEST_1/task_3/app/website/__init__.py:57]
2024-04-07 20:28:57,647 INFO: API request: /logs [in /home/djden/Development/RubyTech/TEST_1/task_3/app/website/api.py:247]
2024-04-07 20:28:58,435 INFO: API request: /logs [in /home/djden/Development/RubyTech/TEST_1/task_3/app/website/api.py:247]
2024-04-07 20:28:59,695 INFO: API request: /logs [in /home/djden/Development/RubyTech/TEST_1/task_3/app/website/api.py:247]
2024-04-07 20:29:03,831 INFO: Logging enabled. [in /home/djden/Development/RubyTech/TEST_1/task_3/app/website/__init__.py:73]
2024-04-07 20:29:03,895 INFO: Created database. [in /home/djden/Development/RubyTech/TEST_1/task_3/app/website/__init__.py:57]
2024-04-07 20:29:04,203 INFO: Logging enabled. [in /home/djden/Development/RubyTech/TEST_1/task_3/app/website/__init__.py:73]
2024-04-07 20:29:04,266 INFO: Created database. [in /home/djden/Development/RubyTech/TEST_1/task_3/app/website/__init__.py:57]
2024-04-07 20:29:13,554 INFO: API request: /resources [in /home/djden/Development/RubyTech/TEST_1/task_3/app/website/api.py:207]
2024-04-07 20:29:14,189 INFO: API request: /logs [in /home/djden/Development/RubyTech/TEST_1/task_3/app/website/api.py:247]
2024-04-07 20:29:23,898 INFO: Logging enabled. [in /home/djden/Development/RubyTech/TEST_1/task_3/app/website/__init__.py:73]
2024-04-07 20:29:23,999 INFO: Created database. [in /home/djden/Development/RubyTech/TEST_1/task_3/app/website/__init__.py:57]
2024-04-07 20:29:24,866 INFO: API request: /logs [in /home/djden/Development/RubyTech/TEST_1/task_3/app/website/api.py:247]
2024-04-07 20:29:27,968 INFO: API request: /logs [in /home/djden/Development/RubyTech/TEST_1/task_3/app/website/api.py:247]
2024-04-07 20:29:52,424 INFO: API request: /logs [in /home/djden/Development/RubyTech/TEST_1/task_3/app/website/api.py:247]
2024-04-07 20:37:13,380 INFO: Logging enabled. [in /home/djden/Development/RubyTech/TEST_1/task_3/app/website/__init__.py:73]
2024-04-07 20:37:13,446 INFO: Created database. [in /home/djden/Development/RubyTech/TEST_1/task_3/app/website/__init__.py:57]
2024-04-07 20:38:59,549 INFO: API request: /logs [in /home/djden/Development/RubyTech/TEST_1/task_3/app/website/api.py:247]
2024-04-07 20:39:11,891 INFO: API request: /logs [in /home/djden/Development/RubyTech/TEST_1/task_3/app/website/api.py:247]
2024-04-07 20:39:21,680 INFO: API request: /logs [in /home/djden/Development/RubyTech/TEST_1/task_3/app/website/api.py:247]
2024-04-07 20:39:28,090 INFO: API request: /logs [in /home/djden/Development/RubyTech/TEST_1/task_3/app/website/api.py:247]
2024-04-07 20:39:38,995 INFO: API request: /logs [in /home/djden/Development/RubyTech/TEST_1/task_3/app/website/api.py:247]
2024-04-07 20:39:48,994 INFO: API request: /logs [in /home/djden/Development/RubyTech/TEST_1/task_3/app/website/api.py:247]
2024-04-07 20:39:58,995 INFO: API request: /logs [in /home/djden/Development/RubyTech/TEST_1/task_3/app/website/api.py:247]
2024-04-07 20:40:08,995 INFO: API request: /logs [in /home/djden/Development/RubyTech/TEST_1/task_3/app/website/api.py:247]
2024-04-07 20:40:18,995 INFO: API request: /logs [in /home/djden/Development/RubyTech/TEST_1/task_3/app/website/api.py:247]
2024-04-07 20:40:28,995 INFO: API request: /logs [in /home/djden/Development/RubyTech/TEST_1/task_3/app/website/api.py:247]
2024-04-07 20:40:39,891 INFO: API request: /logs [in /home/djden/Development/RubyTech/TEST_1/task_3/app/website/api.py:247]
2024-04-07 20:40:49,891 INFO: API request: /logs [in /home/djden/Development/RubyTech/TEST_1/task_3/app/website/api.py:247]
2024-04-07 20:40:59,895 INFO: API request: /logs [in /home/djden/Development/RubyTech/TEST_1/task_3/app/website/api.py:247]
2024-04-07 20:41:09,891 INFO: API request: /logs [in /home/djden/Development/RubyTech/TEST_1/task_3/app/website/api.py:247]
2024-04-07 20:41:19,891 INFO: API request: /logs [in /home/djden/Development/RubyTech/TEST_1/task_3/app/website/api.py:247]
2024-04-07 20:41:29,891 INFO: API request: /logs [in /home/djden/Development/RubyTech/TEST_1/task_3/app/website/api.py:247]
2024-04-07 20:42:22,892 INFO: API request: /logs [in /home/djden/Development/RubyTech/TEST_1/task_3/app/website/api.py:247]
2024-04-07 20:43:22,891 INFO: API request: /logs [in /home/djden/Development/RubyTech/TEST_1/task_3/app/website/api.py:247]
2024-04-07 20:44:22,891 INFO: API request: /logs [in /home/djden/Development/RubyTech/TEST_1/task_3/app/website/api.py:247]
2024-04-07 20:44:34,853 INFO: Logging enabled. [in /home/djden/Development/RubyTech/TEST_1/task_3/app/website/__init__.py:73]
2024-04-07 20:54:32,517 INFO: Logging enabled. [in /home/djden/Development/RubyTech/TEST_1/task_3/app/website/__init__.py:73]
2024-04-07 20:54:46,518 INFO: Logging enabled. [in /home/djden/Development/RubyTech/TEST_1/task_3/app/website/__init__.py:73]
2024-04-07 20:57:18,693 INFO: Logging enabled. [in /home/djden/Development/RubyTech/TEST_1/task_3/app/website/__init__.py:73]
2024-04-07 21:02:31,809 INFO: Logging enabled. [in /home/djden/Development/RubyTech/TEST_1/task_3/app/website/__init__.py:73]
2024-04-07 21:03:59,243 INFO: Logging enabled. [in /home/djden/Development/RubyTech/TEST_1/task_3/app/website/__init__.py:73]
2024-04-07 21:04:44,306 INFO: Logging enabled. [in /home/djden/Development/RubyTech/TEST_1/task_3/app/website/__init__.py:73]
2024-04-07 21:04:58,874 INFO: Logging enabled. [in /home/djden/Development/RubyTech/TEST_1/task_3/app/website/__init__.py:73]
2024-04-07 21:06:08,642 INFO: Logging enabled. [in /home/djden/Development/RubyTech/TEST_1/task_3/app/website/__init__.py:73]
2024-04-07 21:06:25,498 INFO: Logging enabled. [in /home/djden/Development/RubyTech/TEST_1/task_3/app/website/__init__.py:73]
2024-04-07 21:14:08,725 INFO: Logging enabled. [in /home/djden/Development/RubyTech/TEST_1/task_3/app/website/__init__.py:73]
2024-04-07 21:14:36,468 INFO: Logging enabled. [in /home/djden/Development/RubyTech/TEST_1/task_3/app/website/__init__.py:73]
2024-04-07 21:14:58,197 INFO: Logging enabled. [in /home/djden/Development/RubyTech/TEST_1/task_3/app/website/__init__.py:73]
2024-04-07 21:14:58,281 INFO: Created database. [in /home/djden/Development/RubyTech/TEST_1/task_3/app/website/__init__.py:57]
2024-04-07 21:14:58,610 INFO: Logging enabled. [in /home/djden/Development/RubyTech/TEST_1/task_3/app/website/__init__.py:73]
2024-04-07 21:14:58,685 INFO: Created database. [in /home/djden/Development/RubyTech/TEST_1/task_3/app/website/__init__.py:57]
2024-04-07 21:15:15,276 INFO: API request: /logs [in /home/djden/Development/RubyTech/TEST_1/task_3/app/website/api.py:247]
2024-04-07 21:15:25,275 INFO: API request: /logs [in /home/djden/Development/RubyTech/TEST_1/task_3/app/website/api.py:247]
2024-04-07 21:15:35,275 INFO: API request: /logs [in /home/djden/Development/RubyTech/TEST_1/task_3/app/website/api.py:247]
2024-04-07 21:15:45,275 INFO: API request: /logs [in /home/djden/Development/RubyTech/TEST_1/task_3/app/website/api.py:247]
2024-04-07 21:15:53,467 INFO: Logging enabled. [in /home/djden/Development/RubyTech/TEST_1/task_3/app/website/__init__.py:73]
2024-04-07 21:15:53,553 INFO: Created database. [in /home/djden/Development/RubyTech/TEST_1/task_3/app/website/__init__.py:57]
2024-04-07 21:17:03,421 INFO: Logging enabled. [in /home/djden/Development/RubyTech/TEST_1/task_3/app/website/__init__.py:73]
2024-04-07 21:17:03,504 INFO: Created database. [in /home/djden/Development/RubyTech/TEST_1/task_3/app/website/__init__.py:57]
2024-04-07 21:17:03,806 INFO: Logging enabled. [in /home/djden/Development/RubyTech/TEST_1/task_3/app/website/__init__.py:73]
2024-04-07 21:17:03,868 INFO: Created database. [in /home/djden/Development/RubyTech/TEST_1/task_3/app/website/__init__.py:57]
2024-04-07 21:17:30,195 INFO: API request: /add_resource [in /home/djden/Development/RubyTech/TEST_1/task_3/app/website/api.py:20]
2024-04-07 21:17:30,195 INFO: API request: /add_resource [in /home/djden/Development/RubyTech/TEST_1/task_3/app/website/api.py:20]
2024-04-07 21:17:30,195 INFO: /add_resourse data: {'url': 'https://www.google.com/'} [in /home/djden/Development/RubyTech/TEST_1/task_3/app/website/api.py:22]
2024-04-07 21:17:30,195 INFO: /add_resourse data: {'url': 'https://www.google.com/'} [in /home/djden/Development/RubyTech/TEST_1/task_3/app/website/api.py:22]
2024-04-07 21:17:30,204 INFO: New record to the DB [in /home/djden/Development/RubyTech/TEST_1/task_3/app/website/api.py:47]
2024-04-07 21:17:30,210 INFO: New record to the DB [in /home/djden/Development/RubyTech/TEST_1/task_3/app/website/api.py:47]
2024-04-07 21:17:31,904 INFO: API request: /resources [in /home/djden/Development/RubyTech/TEST_1/task_3/app/website/api.py:207]
2024-04-07 21:17:34,405 INFO: API request: /resources [in /home/djden/Development/RubyTech/TEST_1/task_3/app/website/api.py:207]
2024-04-07 21:17:37,906 INFO: API request: /resources [in /home/djden/Development/RubyTech/TEST_1/task_3/app/website/api.py:207]
2024-04-07 21:17:41,235 INFO: API request: /logs [in /home/djden/Development/RubyTech/TEST_1/task_3/app/website/api.py:247]
2024-04-07 21:17:59,872 INFO: API request: /logs [in /home/djden/Development/RubyTech/TEST_1/task_3/app/website/api.py:247]
2024-04-07 21:18:09,872 INFO: API request: /logs [in /home/djden/Development/RubyTech/TEST_1/task_3/app/website/api.py:247]
2024-04-07 21:18:19,873 INFO: API request: /logs [in /home/djden/Development/RubyTech/TEST_1/task_3/app/website/api.py:247]
2024-04-07 21:18:33,272 INFO: API request: /logs [in /home/djden/Development/RubyTech/TEST_1/task_3/app/website/api.py:247]
2024-04-07 21:18:43,272 INFO: API request: /logs [in /home/djden/Development/RubyTech/TEST_1/task_3/app/website/api.py:247]
2024-04-07 21:19:04,501 INFO: API request: /logs [in /home/djden/Development/RubyTech/TEST_1/task_3/app/website/api.py:247]
2024-04-07 21:19:14,891 INFO: API request: /logs [in /home/djden/Development/RubyTech/TEST_1/task_3/app/website/api.py:247]
2024-04-07 21:19:24,891 INFO: API request: /logs [in /home/djden/Development/RubyTech/TEST_1/task_3/app/website/api.py:247]
2024-04-07 21:19:53,297 INFO: Logging enabled. [in /home/djden/Development/RubyTech/TEST_1/task_3/app/website/__init__.py:73]
2024-04-07 21:20:02,484 INFO: Logging enabled. [in /home/djden/Development/RubyTech/TEST_1/task_3/app/website/__init__.py:73]
2024-04-07 21:20:02,550 INFO: Created database. [in /home/djden/Development/RubyTech/TEST_1/task_3/app/website/__init__.py:57]
2024-04-07 21:20:02,861 INFO: Logging enabled. [in /home/djden/Development/RubyTech/TEST_1/task_3/app/website/__init__.py:73]
2024-04-07 21:20:02,937 INFO: Created database. [in /home/djden/Development/RubyTech/TEST_1/task_3/app/website/__init__.py:57]
2024-04-07 21:20:04,892 INFO: API request: /logs [in /home/djden/Development/RubyTech/TEST_1/task_3/app/website/api.py:247]
2024-04-07 21:20:22,892 INFO: API request: /logs [in /home/djden/Development/RubyTech/TEST_1/task_3/app/website/api.py:247]
2024-04-07 21:21:22,892 INFO: API request: /logs [in /home/djden/Development/RubyTech/TEST_1/task_3/app/website/api.py:247]
2024-04-07 21:22:11,133 INFO: Logging enabled. [in /home/djden/Development/RubyTech/TEST_1/task_3/app/website/__init__.py:73]
2024-04-07 21:22:23,455 INFO: Logging enabled. [in /home/djden/Development/RubyTech/TEST_1/task_3/app/website/__init__.py:73]
2024-04-07 21:22:23,520 INFO: Created database. [in /home/djden/Development/RubyTech/TEST_1/task_3/app/website/__init__.py:57]
2024-04-07 21:22:23,874 INFO: Logging enabled. [in /home/djden/Development/RubyTech/TEST_1/task_3/app/website/__init__.py:73]
2024-04-07 21:22:23,939 INFO: Created database. [in /home/djden/Development/RubyTech/TEST_1/task_3/app/website/__init__.py:57]
2024-04-07 21:22:36,448 INFO: Logging enabled. [in /home/djden/Development/RubyTech/TEST_1/task_3/app/website/__init__.py:73]
2024-04-07 21:22:36,518 INFO: Created database. [in /home/djden/Development/RubyTech/TEST_1/task_3/app/website/__init__.py:57]
2024-04-07 21:22:42,949 INFO: Logging enabled. [in /home/djden/Development/RubyTech/TEST_1/task_3/app/website/__init__.py:73]
2024-04-07 21:22:43,012 INFO: Created database. [in /home/djden/Development/RubyTech/TEST_1/task_3/app/website/__init__.py:57]
2024-04-07 21:23:05,669 INFO: Logging enabled. [in /home/djden/Development/RubyTech/TEST_1/task_3/app/website/__init__.py:73]
2024-04-07 21:23:05,747 INFO: Created database. [in /home/djden/Development/RubyTech/TEST_1/task_3/app/website/__init__.py:57]
2024-04-07 21:23:22,892 INFO: API request: /logs [in /home/djden/Development/RubyTech/TEST_1/task_3/app/website/api.py:247]
2024-04-07 21:24:19,468 INFO: Logging enabled. [in /home/djden/Development/RubyTech/TEST_1/task_3/app/website/__init__.py:73]
2024-04-07 21:24:19,534 INFO: Created database. [in /home/djden/Development/RubyTech/TEST_1/task_3/app/website/__init__.py:57]
2024-04-07 21:24:22,891 INFO: API request: /logs [in /home/djden/Development/RubyTech/TEST_1/task_3/app/website/api.py:247]
2024-04-07 21:24:28,968 INFO: Logging enabled. [in /home/djden/Development/RubyTech/TEST_1/task_3/app/website/__init__.py:73]
2024-04-07 21:24:29,032 INFO: Created database. [in /home/djden/Development/RubyTech/TEST_1/task_3/app/website/__init__.py:57]
2024-04-07 21:24:34,559 INFO: API request: /logs [in /home/djden/Development/RubyTech/TEST_1/task_3/app/website/api.py:247]
2024-04-07 21:24:48,891 INFO: API request: /logs [in /home/djden/Development/RubyTech/TEST_1/task_3/app/website/api.py:247]
2024-04-07 21:24:52,683 INFO: Logging enabled. [in /home/djden/Development/RubyTech/TEST_1/task_3/app/website/__init__.py:73]
2024-04-07 21:24:52,764 INFO: Created database. [in /home/djden/Development/RubyTech/TEST_1/task_3/app/website/__init__.py:57]
2024-04-07 21:24:58,893 INFO: API request: /logs [in /home/djden/Development/RubyTech/TEST_1/task_3/app/website/api.py:247]
2024-04-07 21:25:08,891 INFO: API request: /logs [in /home/djden/Development/RubyTech/TEST_1/task_3/app/website/api.py:247]
2024-04-07 21:25:18,891 INFO: API request: /logs [in /home/djden/Development/RubyTech/TEST_1/task_3/app/website/api.py:247]
2024-04-07 21:25:28,892 INFO: API request: /logs [in /home/djden/Development/RubyTech/TEST_1/task_3/app/website/api.py:247]
2024-04-07 21:25:38,891 INFO: API request: /logs [in /home/djden/Development/RubyTech/TEST_1/task_3/app/website/api.py:247]
2024-04-07 21:26:22,893 INFO: API request: /logs [in /home/djden/Development/RubyTech/TEST_1/task_3/app/website/api.py:247]
2024-04-07 21:26:46,151 INFO: API request: /logs [in /home/djden/Development/RubyTech/TEST_1/task_3/app/website/api.py:247]
2024-04-07 21:26:48,508 INFO: API request: /logs [in /home/djden/Development/RubyTech/TEST_1/task_3/app/website/api.py:247]
2024-04-07 21:39:32,770 INFO: Logging enabled. [in /home/djden/Development/RubyTech/TEST_1/task_3/app/website/__init__.py:73]
2024-04-07 21:39:32,835 INFO: Created database. [in /home/djden/Development/RubyTech/TEST_1/task_3/app/website/__init__.py:57]
2024-04-07 21:40:11,986 INFO: API request: /logs [in /home/djden/Development/RubyTech/TEST_1/task_3/app/website/api.py:247]
2024-04-07 21:40:14,475 INFO: API request: /resources [in /home/djden/Development/RubyTech/TEST_1/task_3/app/website/api.py:207]
2024-04-07 21:40:18,443 INFO: API request: /add_resource [in /home/djden/Development/RubyTech/TEST_1/task_3/app/website/api.py:20]
2024-04-07 21:40:18,444 INFO: API request: /add_resource [in /home/djden/Development/RubyTech/TEST_1/task_3/app/website/api.py:20]
2024-04-07 21:40:18,445 INFO: /add_resourse data: {'url': 'https://www.google.com/'} [in /home/djden/Development/RubyTech/TEST_1/task_3/app/website/api.py:22]
2024-04-07 21:40:18,445 INFO: /add_resourse data: {'url': 'https://www.google.com/'} [in /home/djden/Development/RubyTech/TEST_1/task_3/app/website/api.py:22]
2024-04-07 21:40:18,453 INFO: New record to the DB [in /home/djden/Development/RubyTech/TEST_1/task_3/app/website/api.py:47]
2024-04-07 21:40:18,460 INFO: New record to the DB [in /home/djden/Development/RubyTech/TEST_1/task_3/app/website/api.py:47]
2024-04-07 21:40:19,689 INFO: API request: /resources [in /home/djden/Development/RubyTech/TEST_1/task_3/app/website/api.py:207]
2024-04-07 21:44:24,120 INFO: Logging enabled. [in /home/djden/Development/RubyTech/TEST_1/task_3/app/website/__init__.py:73]
2024-04-07 21:44:24,235 INFO: Created database. [in /home/djden/Development/RubyTech/TEST_1/task_3/app/website/__init__.py:57]
2024-04-07 21:44:24,535 INFO: Logging enabled. [in /home/djden/Development/RubyTech/TEST_1/task_3/app/website/__init__.py:73]
2024-04-07 21:44:24,600 INFO: Created database. [in /home/djden/Development/RubyTech/TEST_1/task_3/app/website/__init__.py:57]
2024-04-07 21:45:43,774 INFO: Logging enabled. [in /home/djden/Development/RubyTech/TEST_1/task_3/app/website/__init__.py:73]
2024-04-07 21:45:43,855 INFO: Created database. [in /home/djden/Development/RubyTech/TEST_1/task_3/app/website/__init__.py:57]
2024-04-07 21:45:44,223 INFO: Logging enabled. [in /home/djden/Development/RubyTech/TEST_1/task_3/app/website/__init__.py:73]
2024-04-07 21:45:44,295 INFO: Created database. [in /home/djden/Development/RubyTech/TEST_1/task_3/app/website/__init__.py:57]
2024-04-07 21:45:56,394 INFO: API request: /resources [in /home/djden/Development/RubyTech/TEST_1/task_3/app/website/api.py:207]
2024-04-07 21:46:01,179 INFO: API request: /add_resource [in /home/djden/Development/RubyTech/TEST_1/task_3/app/website/api.py:20]
2024-04-07 21:46:01,180 INFO: API request: /add_resource [in /home/djden/Development/RubyTech/TEST_1/task_3/app/website/api.py:20]
2024-04-07 21:46:01,180 INFO: /add_resourse data: {'url': 'https://www.google.com/'} [in /home/djden/Development/RubyTech/TEST_1/task_3/app/website/api.py:22]
2024-04-07 21:46:01,180 INFO: /add_resourse data: {'url': 'https://www.google.com/'} [in /home/djden/Development/RubyTech/TEST_1/task_3/app/website/api.py:22]
2024-04-07 21:46:01,187 INFO: New record to the DB [in /home/djden/Development/RubyTech/TEST_1/task_3/app/website/api.py:47]
2024-04-07 21:46:01,190 INFO: New record to the DB [in /home/djden/Development/RubyTech/TEST_1/task_3/app/website/api.py:47]
2024-04-07 21:46:02,353 INFO: API request: /resources [in /home/djden/Development/RubyTech/TEST_1/task_3/app/website/api.py:207]
2024-04-07 21:46:09,989 INFO: API request: /logs [in /home/djden/Development/RubyTech/TEST_1/task_3/app/website/api.py:247]
2024-04-07 21:46:10,844 INFO: API request: /resources [in /home/djden/Development/RubyTech/TEST_1/task_3/app/website/api.py:207]
2024-04-07 21:47:08,645 INFO: API request: /resources [in /home/djden/Development/RubyTech/TEST_1/task_3/app/website/api.py:207]
2024-04-07 21:48:40,682 INFO: Logging enabled. [in /home/djden/Development/RubyTech/TEST_1/task_3/app/website/__init__.py:73]
2024-04-07 21:48:40,746 INFO: Created database. [in /home/djden/Development/RubyTech/TEST_1/task_3/app/website/__init__.py:57]
2024-04-07 21:48:41,050 INFO: Logging enabled. [in /home/djden/Development/RubyTech/TEST_1/task_3/app/website/__init__.py:73]
2024-04-07 21:48:41,115 INFO: Created database. [in /home/djden/Development/RubyTech/TEST_1/task_3/app/website/__init__.py:57]
2024-04-07 21:48:42,713 INFO: API request: /resources [in /home/djden/Development/RubyTech/TEST_1/task_3/app/website/api.py:207]
2024-04-07 21:58:05,861 INFO: Logging enabled. [in /home/djden/Development/RubyTech/TEST_1/task_3/app/website/__init__.py:74]
2024-04-07 21:58:05,919 INFO: Created database. [in /home/djden/Development/RubyTech/TEST_1/task_3/app/website/__init__.py:58]
2024-04-07 21:58:50,498 INFO: Logging enabled. [in /home/djden/Development/RubyTech/TEST_1/task_3/app/website/__init__.py:76]
2024-04-07 21:58:50,556 INFO: Created database. [in /home/djden/Development/RubyTech/TEST_1/task_3/app/website/__init__.py:60]
2024-04-09 21:42:20,630 INFO: Logging enabled. [in /home/djden/Development/RubyTech/TEST_1/task_3/app/website/__init__.py:76]
2024-04-09 21:42:20,742 INFO: Created database. [in /home/djden/Development/RubyTech/TEST_1/task_3/app/website/__init__.py:60]
